#
# There is insufficient memory for the Java Runtime Environment to continue.
# Native memory allocation (mmap) failed to map 45088768 bytes for G1 virtual space
# Possible reasons:
#   The system is out of physical RAM or swap space
#   The process is running with CompressedOops enabled, and the Java Heap may be blocking the growth of the native heap
# Possible solutions:
#   Reduce memory load on the system
#   Increase physical memory or swap space
#   Check if swap backing store is full
#   Decrease Java heap size (-Xmx/-Xms)
#   Decrease number of Java threads
#   Decrease Java thread stack sizes (-Xss)
#   Set larger code cache with -XX:ReservedCodeCacheSize=
#   JVM is running with Unscaled Compressed Oops mode in which the Java heap is
#     placed in the first 4GB address space. The Java Heap base address is the
#     maximum limit for the native heap growth. Please use -XX:HeapBaseMinAddress
#     to set the Java Heap base and to place the Java Heap above 4GB virtual address.
# This output file may be truncated or incomplete.
#
#  Out of Memory Error (./open/src/hotspot/os/windows/os_windows.cpp:3321), pid=11744, tid=14192
#
# JRE version: Java(TM) SE Runtime Environment (15.0.2+7) (build 15.0.2+7-27)
# Java VM: Java HotSpot(TM) 64-Bit Server VM (15.0.2+7-27, mixed mode, sharing, tiered, compressed oops, g1 gc, windows-amd64)
# No core dump will be written. Minidumps are not enabled by default on client versions of Windows
#

---------------  S U M M A R Y ------------

Command Line: -ea -Didea.test.cyclic.buffer.size=1048576 -javaagent:C:\Program Files\JetBrains\IntelliJ IDEA Community Edition 2020.3.2\lib\idea_rt.jar=51212:C:\Program Files\JetBrains\IntelliJ IDEA Community Edition 2020.3.2\bin -Dfile.encoding=UTF-8 com.intellij.rt.junit.JUnitStarter -ideVersion5 -junit5 renderer.RenderTests

Host: Intel(R) Core(TM) i5-7360U CPU @ 2.30GHz, 4 cores, 7G,  Windows 10 , 64 bit Build 19041 (10.0.19041.928)
Time: Sun May  9 14:05:17 2021 Jerusalem Daylight Time elapsed time: 1.112640 seconds (0d 0h 0m 1s)

---------------  T H R E A D  ---------------

Current thread (0x00000290e963c250):  VMThread "VM Thread" [stack: 0x0000009530b00000,0x0000009530c00000] [id=14192]

Stack: [0x0000009530b00000,0x0000009530c00000]
[error occurred during error reporting (printing stack bounds), id 0xc0000005, EXCEPTION_ACCESS_VIOLATION (0xc0000005) at pc=0x00000290d36b10ad]

Native frames: (J=compiled Java code, j=interpreted, Vv=VM code, C=native code)
V  [jvm.dll+0x62ae9a]
V  [jvm.dll+0x7817a9]
V  [jvm.dll+0x782f03]
V  [jvm.dll+0x7834c5]
V  [jvm.dll+0x78347b]
V  [jvm.dll+0x62a2b9]
V  [jvm.dll+0x62aa88]
C  [ntdll.dll+0xa207f]
C  [ntdll.dll+0x51454]
C  [ntdll.dll+0xa0bae]
C  0x00000290d36b10ad

VM_Operation (0x00000095305fcde0): G1CollectForAllocation, mode: safepoint, requested by thread 0x00000290cb474930


---------------  P R O C E S S  ---------------

Threads class SMR info:
_java_thread_list=0x00000290ea8004a0, length=14, elements={
0x00000290cb474930, 0x00000290e9641a00, 0x00000290e96424e0, 0x00000290e9655290,
0x00000290e9657b60, 0x00000290e9658520, 0x00000290e965e140, 0x00000290e9672d30,
0x00000290e9674640, 0x00000290ea06a110, 0x00000290ea108a00, 0x00000290ea11db90,
0x00000290ea6e6670, 0x00000290eabbab60
}

Java Threads: ( => current thread )
  0x00000290cb474930 JavaThread "main" [_thread_blocked, id=12188, stack(0x0000009530500000,0x0000009530600000)]
  0x00000290e9641a00 JavaThread "Reference Handler" daemon [_thread_blocked, id=14744, stack(0x0000009530c00000,0x0000009530d00000)]
  0x00000290e96424e0 JavaThread "Finalizer" daemon [_thread_blocked, id=13932, stack(0x0000009530d00000,0x0000009530e00000)]
  0x00000290e9655290 JavaThread "Signal Dispatcher" daemon [_thread_blocked, id=13036, stack(0x0000009530e00000,0x0000009530f00000)]
  0x00000290e9657b60 JavaThread "Attach Listener" daemon [_thread_blocked, id=32, stack(0x0000009530f00000,0x0000009531000000)]
  0x00000290e9658520 JavaThread "Service Thread" daemon [_thread_blocked, id=12284, stack(0x0000009531000000,0x0000009531100000)]
  0x00000290e965e140 JavaThread "C2 CompilerThread0" daemon [_thread_in_native, id=15192, stack(0x0000009531100000,0x0000009531200000)]
  0x00000290e9672d30 JavaThread "C1 CompilerThread0" daemon [_thread_blocked, id=2144, stack(0x0000009531200000,0x0000009531300000)]
  0x00000290e9674640 JavaThread "Sweeper thread" daemon [_thread_blocked, id=8480, stack(0x0000009531300000,0x0000009531400000)]
  0x00000290ea06a110 JavaThread "Common-Cleaner" daemon [_thread_blocked, id=13324, stack(0x0000009531400000,0x0000009531500000)]
  0x00000290ea108a00 JavaThread "Monitor Ctrl-Break" daemon [_thread_in_native, id=12408, stack(0x0000009531500000,0x0000009531600000)]
  0x00000290ea11db90 JavaThread "Notification Thread" daemon [_thread_blocked, id=14340, stack(0x0000009531600000,0x0000009531700000)]
  0x00000290ea6e6670 JavaThread "C2 CompilerThread1" daemon [_thread_blocked, id=10228, stack(0x0000009531a00000,0x0000009531b00000)]
  0x00000290eabbab60 JavaThread "Java2D Disposer" daemon [_thread_blocked, id=8100, stack(0x0000009531b00000,0x0000009531c00000)]

Other Threads:
=>0x00000290e963c250 VMThread "VM Thread" [stack: 0x0000009530b00000,0x0000009530c00000] [id=14192]
  0x00000290ea108ed0 WatcherThread [stack: 0x0000009531700000,0x0000009531800000] [id=12236]
  0x00000290cb4b3a40 GCTaskThread "GC Thread#0" [stack: 0x0000009530600000,0x0000009530700000] [id=7964]
  0x00000290ea3ea150 GCTaskThread "GC Thread#1" [stack: 0x0000009531800000,0x0000009531900000] [id=11804]
  0x00000290ea3eb140 GCTaskThread "GC Thread#2" [stack: 0x0000009531900000,0x0000009531a00000] [id=14228]
  0x00000290ea3e8e30 GCTaskThread "GC Thread#3" [stack: 0x0000009531c00000,0x0000009531d00000] [id=14596]
  0x00000290cb4c5830 ConcurrentGCThread "G1 Main Marker" [stack: 0x0000009530700000,0x0000009530800000] [id=2068]
  0x00000290cb4c6c90 ConcurrentGCThread "G1 Conc#0" [stack: 0x0000009530800000,0x0000009530900000] [id=8520]
  0x00000290cb542600 ConcurrentGCThread "G1 Refine#0" [stack: 0x0000009530900000,0x0000009530a00000] [id=11816]
  0x00000290cb543110 ConcurrentGCThread "G1 Young RemSet Sampling" [stack: 0x0000009530a00000,0x0000009530b00000] [id=7772]

Threads with active compile tasks:
C2 CompilerThread0     1124 1202       4       geometries.Geometries::findIntersections (73 bytes)
C2 CompilerThread1     1124 1212       4       java.util.LinkedList::toArray (39 bytes)

VM state: at safepoint (normal execution)

VM Mutex/Monitor currently owned by a thread:  ([mutex/lock_event])
[0x00000290cb46fc60] Threads_lock - owner thread: 0x00000290e963c250
[0x00000290cb470830] Heap_lock - owner thread: 0x00000290cb474930

Heap address: 0x0000000082000000, size: 2016 MB, Compressed Oops mode: 32-bit
CDS archive(s) mapped at: [0x0000000800000000-0x0000000800b50000-0x0000000800b50000), size 11862016, SharedBaseAddress: 0x0000000800000000, ArchiveRelocationMode: 0.
Compressed class space mapped at: 0x0000000800b50000-0x0000000840b50000, size: 1073741824
Narrow klass base: 0x0000000800000000, Narrow klass shift: 3, Narrow klass range: 0x100000000

GC Precious Log:
 CPUs: 4 total, 4 available
 Memory: 8057M
 Large Page Support: Disabled
 NUMA Support: Disabled
 Compressed Oops: Enabled (32-bit)
 Heap Region Size: 1M
 Heap Min Capacity: 8M
 Heap Initial Capacity: 126M
 Heap Max Capacity: 2016M
 Pre-touch: Disabled
 Parallel Workers: 4
 Concurrent Workers: 1
 Concurrent Refinement Workers: 4
 Periodic GC: Disabled

Heap:
 garbage-first heap   total 261120K, used 10797K [0x0000000082000000, 0x0000000100000000)
  region size 1024K, 1 young (1024K), 1 survivors (1024K)
 Metaspace       used 5656K, capacity 6454K, committed 6784K, reserved 1056768K
  class space    used 671K, capacity 780K, committed 896K, reserved 1048576K

Heap Regions: E=young(eden), S=young(survivor), O=old, HS=humongous(starts), HC=humongous(continues), CS=collection set, F=free, OA=open archive, CA=closed archive, TAMS=top-at-mark-start (previous, next)
|   0|0x0000000082000000, 0x0000000082100000, 0x0000000082100000|100%|HS|  |TAMS 0x0000000082000000, 0x0000000082000000| Complete 
|   1|0x0000000082100000, 0x0000000082200000, 0x0000000082200000|100%|HC|  |TAMS 0x0000000082100000, 0x0000000082100000| Complete 
|   2|0x0000000082200000, 0x0000000082300000, 0x0000000082300000|100%|HC|  |TAMS 0x0000000082200000, 0x0000000082200000| Complete 
|   3|0x0000000082300000, 0x0000000082400000, 0x0000000082400000|100%|HC|  |TAMS 0x0000000082300000, 0x0000000082300000| Complete 
|   4|0x0000000082400000, 0x0000000082500000, 0x0000000082500000|100%| O|  |TAMS 0x0000000082400000, 0x0000000082400000| Untracked 
|   5|0x0000000082500000, 0x0000000082600000, 0x0000000082600000|100%| O|  |TAMS 0x0000000082500000, 0x0000000082500000| Untracked 
|   6|0x0000000082600000, 0x0000000082700000, 0x0000000082700000|100%|HS|  |TAMS 0x0000000082600000, 0x0000000082600000| Complete 
|   7|0x0000000082700000, 0x0000000082800000, 0x0000000082800000|100%|HC|  |TAMS 0x0000000082700000, 0x0000000082700000| Complete 
|   8|0x0000000082800000, 0x0000000082900000, 0x0000000082900000|100%|HC|  |TAMS 0x0000000082800000, 0x0000000082800000| Complete 
|   9|0x0000000082900000, 0x0000000082a00000, 0x0000000082a00000|100%|HC|  |TAMS 0x0000000082900000, 0x0000000082900000| Complete 
|  10|0x0000000082a00000, 0x0000000082a01c00, 0x0000000082b00000|  0%| O|  |TAMS 0x0000000082a00000, 0x0000000082a00000| Untracked 
|  11|0x0000000082b00000, 0x0000000082b00000, 0x0000000082c00000|  0%| F|  |TAMS 0x0000000082b00000, 0x0000000082b00000| Untracked 
|  12|0x0000000082c00000, 0x0000000082c00000, 0x0000000082d00000|  0%| F|  |TAMS 0x0000000082c00000, 0x0000000082c00000| Untracked 
|  13|0x0000000082d00000, 0x0000000082d00000, 0x0000000082e00000|  0%| F|  |TAMS 0x0000000082d00000, 0x0000000082d00000| Untracked 
|  14|0x0000000082e00000, 0x0000000082e00000, 0x0000000082f00000|  0%| F|  |TAMS 0x0000000082e00000, 0x0000000082e00000| Untracked 
|  15|0x0000000082f00000, 0x0000000082f00000, 0x0000000083000000|  0%| F|  |TAMS 0x0000000082f00000, 0x0000000082f00000| Untracked 
|  16|0x0000000083000000, 0x0000000083000000, 0x0000000083100000|  0%| F|  |TAMS 0x0000000083000000, 0x0000000083000000| Untracked 
|  17|0x0000000083100000, 0x0000000083100000, 0x0000000083200000|  0%| F|  |TAMS 0x0000000083100000, 0x0000000083100000| Untracked 
|  18|0x0000000083200000, 0x0000000083200000, 0x0000000083300000|  0%| F|  |TAMS 0x0000000083200000, 0x0000000083200000| Untracked 
|  19|0x0000000083300000, 0x0000000083300000, 0x0000000083400000|  0%| F|  |TAMS 0x0000000083300000, 0x0000000083300000| Untracked 
|  20|0x0000000083400000, 0x0000000083400000, 0x0000000083500000|  0%| F|  |TAMS 0x0000000083400000, 0x0000000083400000| Untracked 
|  21|0x0000000083500000, 0x0000000083500000, 0x0000000083600000|  0%| F|  |TAMS 0x0000000083500000, 0x0000000083500000| Untracked 
|  22|0x0000000083600000, 0x0000000083600000, 0x0000000083700000|  0%| F|  |TAMS 0x0000000083600000, 0x0000000083600000| Untracked 
|  23|0x0000000083700000, 0x0000000083700000, 0x0000000083800000|  0%| F|  |TAMS 0x0000000083700000, 0x0000000083700000| Untracked 
|  24|0x0000000083800000, 0x0000000083800000, 0x0000000083900000|  0%| F|  |TAMS 0x0000000083800000, 0x0000000083800000| Untracked 
|  25|0x0000000083900000, 0x0000000083900000, 0x0000000083a00000|  0%| F|  |TAMS 0x0000000083900000, 0x0000000083900000| Untracked 
|  26|0x0000000083a00000, 0x0000000083a00000, 0x0000000083b00000|  0%| F|  |TAMS 0x0000000083a00000, 0x0000000083a00000| Untracked 
|  27|0x0000000083b00000, 0x0000000083b00000, 0x0000000083c00000|  0%| F|  |TAMS 0x0000000083b00000, 0x0000000083b00000| Untracked 
|  28|0x0000000083c00000, 0x0000000083c00000, 0x0000000083d00000|  0%| F|  |TAMS 0x0000000083c00000, 0x0000000083c00000| Untracked 
|  29|0x0000000083d00000, 0x0000000083d00000, 0x0000000083e00000|  0%| F|  |TAMS 0x0000000083d00000, 0x0000000083d00000| Untracked 
|  30|0x0000000083e00000, 0x0000000083e00000, 0x0000000083f00000|  0%| F|  |TAMS 0x0000000083e00000, 0x0000000083e00000| Untracked 
|  31|0x0000000083f00000, 0x0000000083f00000, 0x0000000084000000|  0%| F|  |TAMS 0x0000000083f00000, 0x0000000083f00000| Untracked 
|  32|0x0000000084000000, 0x0000000084000000, 0x0000000084100000|  0%| F|  |TAMS 0x0000000084000000, 0x0000000084000000| Untracked 
|  33|0x0000000084100000, 0x0000000084100000, 0x0000000084200000|  0%| F|  |TAMS 0x0000000084100000, 0x0000000084100000| Untracked 
|  34|0x0000000084200000, 0x0000000084200000, 0x0000000084300000|  0%| F|  |TAMS 0x0000000084200000, 0x0000000084200000| Untracked 
|  35|0x0000000084300000, 0x0000000084300000, 0x0000000084400000|  0%| F|  |TAMS 0x0000000084300000, 0x0000000084300000| Untracked 
|  36|0x0000000084400000, 0x0000000084400000, 0x0000000084500000|  0%| F|  |TAMS 0x0000000084400000, 0x0000000084400000| Untracked 
|  37|0x0000000084500000, 0x0000000084500000, 0x0000000084600000|  0%| F|  |TAMS 0x0000000084500000, 0x0000000084500000| Untracked 
|  38|0x0000000084600000, 0x0000000084600000, 0x0000000084700000|  0%| F|  |TAMS 0x0000000084600000, 0x0000000084600000| Untracked 
|  39|0x0000000084700000, 0x0000000084700000, 0x0000000084800000|  0%| F|  |TAMS 0x0000000084700000, 0x0000000084700000| Untracked 
|  40|0x0000000084800000, 0x0000000084800000, 0x0000000084900000|  0%| F|  |TAMS 0x0000000084800000, 0x0000000084800000| Untracked 
|  41|0x0000000084900000, 0x0000000084900000, 0x0000000084a00000|  0%| F|  |TAMS 0x0000000084900000, 0x0000000084900000| Untracked 
|  42|0x0000000084a00000, 0x0000000084a00000, 0x0000000084b00000|  0%| F|  |TAMS 0x0000000084a00000, 0x0000000084a00000| Untracked 
|  43|0x0000000084b00000, 0x0000000084b00000, 0x0000000084c00000|  0%| F|  |TAMS 0x0000000084b00000, 0x0000000084b00000| Untracked 
|  44|0x0000000084c00000, 0x0000000084c00000, 0x0000000084d00000|  0%| F|  |TAMS 0x0000000084c00000, 0x0000000084c00000| Untracked 
|  45|0x0000000084d00000, 0x0000000084d00000, 0x0000000084e00000|  0%| F|  |TAMS 0x0000000084d00000, 0x0000000084d00000| Untracked 
|  46|0x0000000084e00000, 0x0000000084e00000, 0x0000000084f00000|  0%| F|  |TAMS 0x0000000084e00000, 0x0000000084e00000| Untracked 
|  47|0x0000000084f00000, 0x0000000084f00000, 0x0000000085000000|  0%| F|  |TAMS 0x0000000084f00000, 0x0000000084f00000| Untracked 
|  48|0x0000000085000000, 0x0000000085000000, 0x0000000085100000|  0%| F|  |TAMS 0x0000000085000000, 0x0000000085000000| Untracked 
|  49|0x0000000085100000, 0x0000000085100000, 0x0000000085200000|  0%| F|  |TAMS 0x0000000085100000, 0x0000000085100000| Untracked 
|  50|0x0000000085200000, 0x0000000085200000, 0x0000000085300000|  0%| F|  |TAMS 0x0000000085200000, 0x0000000085200000| Untracked 
|  51|0x0000000085300000, 0x0000000085300000, 0x0000000085400000|  0%| F|  |TAMS 0x0000000085300000, 0x0000000085300000| Untracked 
|  52|0x0000000085400000, 0x0000000085400000, 0x0000000085500000|  0%| F|  |TAMS 0x0000000085400000, 0x0000000085400000| Untracked 
|  53|0x0000000085500000, 0x0000000085500000, 0x0000000085600000|  0%| F|  |TAMS 0x0000000085500000, 0x0000000085500000| Untracked 
|  54|0x0000000085600000, 0x0000000085600000, 0x0000000085700000|  0%| F|  |TAMS 0x0000000085600000, 0x0000000085600000| Untracked 
|  55|0x0000000085700000, 0x0000000085700000, 0x0000000085800000|  0%| F|  |TAMS 0x0000000085700000, 0x0000000085700000| Untracked 
|  56|0x0000000085800000, 0x0000000085800000, 0x0000000085900000|  0%| F|  |TAMS 0x0000000085800000, 0x0000000085800000| Untracked 
|  57|0x0000000085900000, 0x0000000085900000, 0x0000000085a00000|  0%| F|  |TAMS 0x0000000085900000, 0x0000000085900000| Untracked 
|  58|0x0000000085a00000, 0x0000000085a00000, 0x0000000085b00000|  0%| F|  |TAMS 0x0000000085a00000, 0x0000000085a00000| Untracked 
|  59|0x0000000085b00000, 0x0000000085b00000, 0x0000000085c00000|  0%| F|  |TAMS 0x0000000085b00000, 0x0000000085b00000| Untracked 
|  60|0x0000000085c00000, 0x0000000085c00000, 0x0000000085d00000|  0%| F|  |TAMS 0x0000000085c00000, 0x0000000085c00000| Untracked 
|  61|0x0000000085d00000, 0x0000000085d00000, 0x0000000085e00000|  0%| F|  |TAMS 0x0000000085d00000, 0x0000000085d00000| Untracked 
|  62|0x0000000085e00000, 0x0000000085e00000, 0x0000000085f00000|  0%| F|  |TAMS 0x0000000085e00000, 0x0000000085e00000| Untracked 
|  63|0x0000000085f00000, 0x0000000085f00000, 0x0000000086000000|  0%| F|  |TAMS 0x0000000085f00000, 0x0000000085f00000| Untracked 
|  64|0x0000000086000000, 0x0000000086000000, 0x0000000086100000|  0%| F|  |TAMS 0x0000000086000000, 0x0000000086000000| Untracked 
|  65|0x0000000086100000, 0x0000000086100000, 0x0000000086200000|  0%| F|  |TAMS 0x0000000086100000, 0x0000000086100000| Untracked 
|  66|0x0000000086200000, 0x0000000086200000, 0x0000000086300000|  0%| F|  |TAMS 0x0000000086200000, 0x0000000086200000| Untracked 
|  67|0x0000000086300000, 0x0000000086300000, 0x0000000086400000|  0%| F|  |TAMS 0x0000000086300000, 0x0000000086300000| Untracked 
|  68|0x0000000086400000, 0x0000000086400000, 0x0000000086500000|  0%| F|  |TAMS 0x0000000086400000, 0x0000000086400000| Untracked 
|  69|0x0000000086500000, 0x0000000086500000, 0x0000000086600000|  0%| F|  |TAMS 0x0000000086500000, 0x0000000086500000| Untracked 
|  70|0x0000000086600000, 0x0000000086600000, 0x0000000086700000|  0%| F|  |TAMS 0x0000000086600000, 0x0000000086600000| Untracked 
|  71|0x0000000086700000, 0x0000000086700000, 0x0000000086800000|  0%| F|  |TAMS 0x0000000086700000, 0x0000000086700000| Untracked 
|  72|0x0000000086800000, 0x0000000086800000, 0x0000000086900000|  0%| F|  |TAMS 0x0000000086800000, 0x0000000086800000| Untracked 
|  73|0x0000000086900000, 0x0000000086900000, 0x0000000086a00000|  0%| F|  |TAMS 0x0000000086900000, 0x0000000086900000| Untracked 
|  74|0x0000000086a00000, 0x0000000086a00000, 0x0000000086b00000|  0%| F|  |TAMS 0x0000000086a00000, 0x0000000086a00000| Untracked 
|  75|0x0000000086b00000, 0x0000000086b00000, 0x0000000086c00000|  0%| F|  |TAMS 0x0000000086b00000, 0x0000000086b00000| Untracked 
|  76|0x0000000086c00000, 0x0000000086c00000, 0x0000000086d00000|  0%| F|  |TAMS 0x0000000086c00000, 0x0000000086c00000| Untracked 
|  77|0x0000000086d00000, 0x0000000086d00000, 0x0000000086e00000|  0%| F|  |TAMS 0x0000000086d00000, 0x0000000086d00000| Untracked 
|  78|0x0000000086e00000, 0x0000000086e00000, 0x0000000086f00000|  0%| F|  |TAMS 0x0000000086e00000, 0x0000000086e00000| Untracked 
|  79|0x0000000086f00000, 0x0000000086f00000, 0x0000000087000000|  0%| F|  |TAMS 0x0000000086f00000, 0x0000000086f00000| Untracked 
|  80|0x0000000087000000, 0x0000000087000000, 0x0000000087100000|  0%| F|  |TAMS 0x0000000087000000, 0x0000000087000000| Untracked 
|  81|0x0000000087100000, 0x0000000087100000, 0x0000000087200000|  0%| F|  |TAMS 0x0000000087100000, 0x0000000087100000| Untracked 
|  82|0x0000000087200000, 0x0000000087200000, 0x0000000087300000|  0%| F|  |TAMS 0x0000000087200000, 0x0000000087200000| Untracked 
|  83|0x0000000087300000, 0x0000000087300000, 0x0000000087400000|  0%| F|  |TAMS 0x0000000087300000, 0x0000000087300000| Untracked 
|  84|0x0000000087400000, 0x0000000087489b30, 0x0000000087500000| 53%| S|CS|TAMS 0x0000000087400000, 0x0000000087400000| Complete 
|  85|0x0000000087500000, 0x0000000087500000, 0x0000000087600000|  0%| F|  |TAMS 0x0000000087500000, 0x0000000087500000| Untracked 
|  86|0x0000000087600000, 0x0000000087600000, 0x0000000087700000|  0%| F|  |TAMS 0x0000000087600000, 0x0000000087600000| Untracked 
|  87|0x0000000087700000, 0x0000000087700000, 0x0000000087800000|  0%| F|  |TAMS 0x0000000087700000, 0x0000000087700000| Untracked 
|  88|0x0000000087800000, 0x0000000087800000, 0x0000000087900000|  0%| F|  |TAMS 0x0000000087800000, 0x0000000087800000| Untracked 
|  89|0x0000000087900000, 0x0000000087900000, 0x0000000087a00000|  0%| F|  |TAMS 0x0000000087900000, 0x0000000087900000| Untracked 
|  90|0x0000000087a00000, 0x0000000087a00000, 0x0000000087b00000|  0%| F|  |TAMS 0x0000000087a00000, 0x0000000087a00000| Untracked 
|  91|0x0000000087b00000, 0x0000000087b00000, 0x0000000087c00000|  0%| F|  |TAMS 0x0000000087b00000, 0x0000000087b00000| Untracked 
|  92|0x0000000087c00000, 0x0000000087c00000, 0x0000000087d00000|  0%| F|  |TAMS 0x0000000087c00000, 0x0000000087c00000| Untracked 
|  93|0x0000000087d00000, 0x0000000087d00000, 0x0000000087e00000|  0%| F|  |TAMS 0x0000000087d00000, 0x0000000087d00000| Untracked 
|  94|0x0000000087e00000, 0x0000000087e00000, 0x0000000087f00000|  0%| F|  |TAMS 0x0000000087e00000, 0x0000000087e00000| Untracked 
|  95|0x0000000087f00000, 0x0000000087f00000, 0x0000000088000000|  0%| F|  |TAMS 0x0000000087f00000, 0x0000000087f00000| Untracked 
|  96|0x0000000088000000, 0x0000000088000000, 0x0000000088100000|  0%| F|  |TAMS 0x0000000088000000, 0x0000000088000000| Untracked 
|  97|0x0000000088100000, 0x0000000088100000, 0x0000000088200000|  0%| F|  |TAMS 0x0000000088100000, 0x0000000088100000| Untracked 
|  98|0x0000000088200000, 0x0000000088200000, 0x0000000088300000|  0%| F|  |TAMS 0x0000000088200000, 0x0000000088200000| Untracked 
|  99|0x0000000088300000, 0x0000000088300000, 0x0000000088400000|  0%| F|  |TAMS 0x0000000088300000, 0x0000000088300000| Untracked 
| 100|0x0000000088400000, 0x0000000088400000, 0x0000000088500000|  0%| F|  |TAMS 0x0000000088400000, 0x0000000088400000| Untracked 
| 101|0x0000000088500000, 0x0000000088500000, 0x0000000088600000|  0%| F|  |TAMS 0x0000000088500000, 0x0000000088500000| Untracked 
| 102|0x0000000088600000, 0x0000000088600000, 0x0000000088700000|  0%| F|  |TAMS 0x0000000088600000, 0x0000000088600000| Untracked 
| 103|0x0000000088700000, 0x0000000088700000, 0x0000000088800000|  0%| F|  |TAMS 0x0000000088700000, 0x0000000088700000| Untracked 
| 104|0x0000000088800000, 0x0000000088800000, 0x0000000088900000|  0%| F|  |TAMS 0x0000000088800000, 0x0000000088800000| Untracked 
| 105|0x0000000088900000, 0x0000000088900000, 0x0000000088a00000|  0%| F|  |TAMS 0x0000000088900000, 0x0000000088900000| Untracked 
| 106|0x0000000088a00000, 0x0000000088a00000, 0x0000000088b00000|  0%| F|  |TAMS 0x0000000088a00000, 0x0000000088a00000| Untracked 
| 107|0x0000000088b00000, 0x0000000088b00000, 0x0000000088c00000|  0%| F|  |TAMS 0x0000000088b00000, 0x0000000088b00000| Untracked 
| 108|0x0000000088c00000, 0x0000000088c00000, 0x0000000088d00000|  0%| F|  |TAMS 0x0000000088c00000, 0x0000000088c00000| Untracked 
| 109|0x0000000088d00000, 0x0000000088d00000, 0x0000000088e00000|  0%| F|  |TAMS 0x0000000088d00000, 0x0000000088d00000| Untracked 
| 110|0x0000000088e00000, 0x0000000088e00000, 0x0000000088f00000|  0%| F|  |TAMS 0x0000000088e00000, 0x0000000088e00000| Untracked 
| 111|0x0000000088f00000, 0x0000000088f00000, 0x0000000089000000|  0%| F|  |TAMS 0x0000000088f00000, 0x0000000088f00000| Untracked 
| 112|0x0000000089000000, 0x0000000089000000, 0x0000000089100000|  0%| F|  |TAMS 0x0000000089000000, 0x0000000089000000| Untracked 
| 113|0x0000000089100000, 0x0000000089100000, 0x0000000089200000|  0%| F|  |TAMS 0x0000000089100000, 0x0000000089100000| Untracked 
| 114|0x0000000089200000, 0x0000000089200000, 0x0000000089300000|  0%| F|  |TAMS 0x0000000089200000, 0x0000000089200000| Untracked 
| 115|0x0000000089300000, 0x0000000089300000, 0x0000000089400000|  0%| F|  |TAMS 0x0000000089300000, 0x0000000089300000| Untracked 
| 116|0x0000000089400000, 0x0000000089400000, 0x0000000089500000|  0%| F|  |TAMS 0x0000000089400000, 0x0000000089400000| Untracked 
| 117|0x0000000089500000, 0x0000000089500000, 0x0000000089600000|  0%| F|  |TAMS 0x0000000089500000, 0x0000000089500000| Untracked 
| 118|0x0000000089600000, 0x0000000089600000, 0x0000000089700000|  0%| F|  |TAMS 0x0000000089600000, 0x0000000089600000| Untracked 
| 119|0x0000000089700000, 0x0000000089700000, 0x0000000089800000|  0%| F|  |TAMS 0x0000000089700000, 0x0000000089700000| Untracked 
| 120|0x0000000089800000, 0x0000000089800000, 0x0000000089900000|  0%| F|  |TAMS 0x0000000089800000, 0x0000000089800000| Untracked 
| 121|0x0000000089900000, 0x0000000089900000, 0x0000000089a00000|  0%| F|  |TAMS 0x0000000089900000, 0x0000000089900000| Untracked 
| 122|0x0000000089a00000, 0x0000000089a00000, 0x0000000089b00000|  0%| F|  |TAMS 0x0000000089a00000, 0x0000000089a00000| Untracked 
| 123|0x0000000089b00000, 0x0000000089b00000, 0x0000000089c00000|  0%| F|  |TAMS 0x0000000089b00000, 0x0000000089b00000| Untracked 
| 124|0x0000000089c00000, 0x0000000089c00000, 0x0000000089d00000|  0%| F|  |TAMS 0x0000000089c00000, 0x0000000089c00000| Untracked 
| 125|0x0000000089d00000, 0x0000000089d00000, 0x0000000089e00000|  0%| F|  |TAMS 0x0000000089d00000, 0x0000000089d00000| Untracked 
| 126|0x0000000089e00000, 0x0000000089e00000, 0x0000000089f00000|  0%| F|  |TAMS 0x0000000089e00000, 0x0000000089e00000| Untracked 
| 127|0x0000000089f00000, 0x0000000089f00000, 0x000000008a000000|  0%| F|  |TAMS 0x0000000089f00000, 0x0000000089f00000| Untracked 
| 128|0x000000008a000000, 0x000000008a000000, 0x000000008a100000|  0%| F|  |TAMS 0x000000008a000000, 0x000000008a000000| Untracked 
| 129|0x000000008a100000, 0x000000008a100000, 0x000000008a200000|  0%| F|  |TAMS 0x000000008a100000, 0x000000008a100000| Untracked 
| 130|0x000000008a200000, 0x000000008a200000, 0x000000008a300000|  0%| F|  |TAMS 0x000000008a200000, 0x000000008a200000| Untracked 
| 131|0x000000008a300000, 0x000000008a300000, 0x000000008a400000|  0%| F|  |TAMS 0x000000008a300000, 0x000000008a300000| Untracked 
| 132|0x000000008a400000, 0x000000008a400000, 0x000000008a500000|  0%| F|  |TAMS 0x000000008a400000, 0x000000008a400000| Untracked 
| 133|0x000000008a500000, 0x000000008a500000, 0x000000008a600000|  0%| F|  |TAMS 0x000000008a500000, 0x000000008a500000| Untracked 
| 134|0x000000008a600000, 0x000000008a600000, 0x000000008a700000|  0%| F|  |TAMS 0x000000008a600000, 0x000000008a600000| Untracked 
| 135|0x000000008a700000, 0x000000008a700000, 0x000000008a800000|  0%| F|  |TAMS 0x000000008a700000, 0x000000008a700000| Untracked 
| 136|0x000000008a800000, 0x000000008a800000, 0x000000008a900000|  0%| F|  |TAMS 0x000000008a800000, 0x000000008a800000| Untracked 
| 137|0x000000008a900000, 0x000000008a900000, 0x000000008aa00000|  0%| F|  |TAMS 0x000000008a900000, 0x000000008a900000| Untracked 
| 138|0x000000008aa00000, 0x000000008aa00000, 0x000000008ab00000|  0%| F|  |TAMS 0x000000008aa00000, 0x000000008aa00000| Untracked 
| 139|0x000000008ab00000, 0x000000008ab00000, 0x000000008ac00000|  0%| F|  |TAMS 0x000000008ab00000, 0x000000008ab00000| Untracked 
| 140|0x000000008ac00000, 0x000000008ac00000, 0x000000008ad00000|  0%| F|  |TAMS 0x000000008ac00000, 0x000000008ac00000| Untracked 
| 141|0x000000008ad00000, 0x000000008ad00000, 0x000000008ae00000|  0%| F|  |TAMS 0x000000008ad00000, 0x000000008ad00000| Untracked 
| 142|0x000000008ae00000, 0x000000008ae00000, 0x000000008af00000|  0%| F|  |TAMS 0x000000008ae00000, 0x000000008ae00000| Untracked 
| 143|0x000000008af00000, 0x000000008af00000, 0x000000008b000000|  0%| F|  |TAMS 0x000000008af00000, 0x000000008af00000| Untracked 
| 144|0x000000008b000000, 0x000000008b000000, 0x000000008b100000|  0%| F|  |TAMS 0x000000008b000000, 0x000000008b000000| Untracked 
| 145|0x000000008b100000, 0x000000008b100000, 0x000000008b200000|  0%| F|  |TAMS 0x000000008b100000, 0x000000008b100000| Untracked 
| 146|0x000000008b200000, 0x000000008b200000, 0x000000008b300000|  0%| F|  |TAMS 0x000000008b200000, 0x000000008b200000| Untracked 
| 147|0x000000008b300000, 0x000000008b300000, 0x000000008b400000|  0%| F|  |TAMS 0x000000008b300000, 0x000000008b300000| Untracked 
| 148|0x000000008b400000, 0x000000008b400000, 0x000000008b500000|  0%| F|  |TAMS 0x000000008b400000, 0x000000008b400000| Untracked 
| 149|0x000000008b500000, 0x000000008b500000, 0x000000008b600000|  0%| F|  |TAMS 0x000000008b500000, 0x000000008b500000| Untracked 
| 150|0x000000008b600000, 0x000000008b600000, 0x000000008b700000|  0%| F|  |TAMS 0x000000008b600000, 0x000000008b600000| Untracked 
| 151|0x000000008b700000, 0x000000008b700000, 0x000000008b800000|  0%| F|  |TAMS 0x000000008b700000, 0x000000008b700000| Untracked 
| 152|0x000000008b800000, 0x000000008b800000, 0x000000008b900000|  0%| F|  |TAMS 0x000000008b800000, 0x000000008b800000| Untracked 
| 153|0x000000008b900000, 0x000000008b900000, 0x000000008ba00000|  0%| F|  |TAMS 0x000000008b900000, 0x000000008b900000| Untracked 
| 154|0x000000008ba00000, 0x000000008ba00000, 0x000000008bb00000|  0%| F|  |TAMS 0x000000008ba00000, 0x000000008ba00000| Untracked 
| 155|0x000000008bb00000, 0x000000008bb00000, 0x000000008bc00000|  0%| F|  |TAMS 0x000000008bb00000, 0x000000008bb00000| Untracked 
| 156|0x000000008bc00000, 0x000000008bc00000, 0x000000008bd00000|  0%| F|  |TAMS 0x000000008bc00000, 0x000000008bc00000| Untracked 
| 157|0x000000008bd00000, 0x000000008bd00000, 0x000000008be00000|  0%| F|  |TAMS 0x000000008bd00000, 0x000000008bd00000| Untracked 
| 158|0x000000008be00000, 0x000000008be00000, 0x000000008bf00000|  0%| F|  |TAMS 0x000000008be00000, 0x000000008be00000| Untracked 
| 159|0x000000008bf00000, 0x000000008bf00000, 0x000000008c000000|  0%| F|  |TAMS 0x000000008bf00000, 0x000000008bf00000| Untracked 
| 160|0x000000008c000000, 0x000000008c000000, 0x000000008c100000|  0%| F|  |TAMS 0x000000008c000000, 0x000000008c000000| Untracked 
| 161|0x000000008c100000, 0x000000008c100000, 0x000000008c200000|  0%| F|  |TAMS 0x000000008c100000, 0x000000008c100000| Untracked 
| 162|0x000000008c200000, 0x000000008c200000, 0x000000008c300000|  0%| F|  |TAMS 0x000000008c200000, 0x000000008c200000| Untracked 
| 163|0x000000008c300000, 0x000000008c300000, 0x000000008c400000|  0%| F|  |TAMS 0x000000008c300000, 0x000000008c300000| Untracked 
| 164|0x000000008c400000, 0x000000008c400000, 0x000000008c500000|  0%| F|  |TAMS 0x000000008c400000, 0x000000008c400000| Untracked 
| 165|0x000000008c500000, 0x000000008c500000, 0x000000008c600000|  0%| F|  |TAMS 0x000000008c500000, 0x000000008c500000| Untracked 
| 166|0x000000008c600000, 0x000000008c600000, 0x000000008c700000|  0%| F|  |TAMS 0x000000008c600000, 0x000000008c600000| Untracked 
| 167|0x000000008c700000, 0x000000008c700000, 0x000000008c800000|  0%| F|  |TAMS 0x000000008c700000, 0x000000008c700000| Untracked 
| 168|0x000000008c800000, 0x000000008c800000, 0x000000008c900000|  0%| F|  |TAMS 0x000000008c800000, 0x000000008c800000| Untracked 
| 169|0x000000008c900000, 0x000000008c900000, 0x000000008ca00000|  0%| F|  |TAMS 0x000000008c900000, 0x000000008c900000| Untracked 
| 170|0x000000008ca00000, 0x000000008ca00000, 0x000000008cb00000|  0%| F|  |TAMS 0x000000008ca00000, 0x000000008ca00000| Untracked 
| 171|0x000000008cb00000, 0x000000008cb00000, 0x000000008cc00000|  0%| F|  |TAMS 0x000000008cb00000, 0x000000008cb00000| Untracked 
| 172|0x000000008cc00000, 0x000000008cc00000, 0x000000008cd00000|  0%| F|  |TAMS 0x000000008cc00000, 0x000000008cc00000| Untracked 
| 173|0x000000008cd00000, 0x000000008cd00000, 0x000000008ce00000|  0%| F|  |TAMS 0x000000008cd00000, 0x000000008cd00000| Untracked 
| 174|0x000000008ce00000, 0x000000008ce00000, 0x000000008cf00000|  0%| F|  |TAMS 0x000000008ce00000, 0x000000008ce00000| Untracked 
| 175|0x000000008cf00000, 0x000000008cf00000, 0x000000008d000000|  0%| F|  |TAMS 0x000000008cf00000, 0x000000008cf00000| Untracked 
| 176|0x000000008d000000, 0x000000008d000000, 0x000000008d100000|  0%| F|  |TAMS 0x000000008d000000, 0x000000008d000000| Untracked 
| 177|0x000000008d100000, 0x000000008d100000, 0x000000008d200000|  0%| F|  |TAMS 0x000000008d100000, 0x000000008d100000| Untracked 
| 178|0x000000008d200000, 0x000000008d200000, 0x000000008d300000|  0%| F|  |TAMS 0x000000008d200000, 0x000000008d200000| Untracked 
| 179|0x000000008d300000, 0x000000008d300000, 0x000000008d400000|  0%| F|  |TAMS 0x000000008d300000, 0x000000008d300000| Untracked 
| 180|0x000000008d400000, 0x000000008d400000, 0x000000008d500000|  0%| F|  |TAMS 0x000000008d400000, 0x000000008d400000| Untracked 
| 181|0x000000008d500000, 0x000000008d500000, 0x000000008d600000|  0%| F|  |TAMS 0x000000008d500000, 0x000000008d500000| Untracked 
| 182|0x000000008d600000, 0x000000008d600000, 0x000000008d700000|  0%| F|  |TAMS 0x000000008d600000, 0x000000008d600000| Untracked 
| 183|0x000000008d700000, 0x000000008d700000, 0x000000008d800000|  0%| F|  |TAMS 0x000000008d700000, 0x000000008d700000| Untracked 
| 184|0x000000008d800000, 0x000000008d800000, 0x000000008d900000|  0%| F|  |TAMS 0x000000008d800000, 0x000000008d800000| Untracked 
| 185|0x000000008d900000, 0x000000008d900000, 0x000000008da00000|  0%| F|  |TAMS 0x000000008d900000, 0x000000008d900000| Untracked 
| 186|0x000000008da00000, 0x000000008da00000, 0x000000008db00000|  0%| F|  |TAMS 0x000000008da00000, 0x000000008da00000| Untracked 
| 187|0x000000008db00000, 0x000000008db00000, 0x000000008dc00000|  0%| F|  |TAMS 0x000000008db00000, 0x000000008db00000| Untracked 
| 188|0x000000008dc00000, 0x000000008dc00000, 0x000000008dd00000|  0%| F|  |TAMS 0x000000008dc00000, 0x000000008dc00000| Untracked 
| 189|0x000000008dd00000, 0x000000008dd00000, 0x000000008de00000|  0%| F|  |TAMS 0x000000008dd00000, 0x000000008dd00000| Untracked 
| 190|0x000000008de00000, 0x000000008de00000, 0x000000008df00000|  0%| F|  |TAMS 0x000000008de00000, 0x000000008de00000| Untracked 
| 191|0x000000008df00000, 0x000000008df00000, 0x000000008e000000|  0%| F|  |TAMS 0x000000008df00000, 0x000000008df00000| Untracked 
| 192|0x000000008e000000, 0x000000008e000000, 0x000000008e100000|  0%| F|  |TAMS 0x000000008e000000, 0x000000008e000000| Untracked 
| 193|0x000000008e100000, 0x000000008e100000, 0x000000008e200000|  0%| F|  |TAMS 0x000000008e100000, 0x000000008e100000| Untracked 
| 194|0x000000008e200000, 0x000000008e200000, 0x000000008e300000|  0%| F|  |TAMS 0x000000008e200000, 0x000000008e200000| Untracked 
| 195|0x000000008e300000, 0x000000008e300000, 0x000000008e400000|  0%| F|  |TAMS 0x000000008e300000, 0x000000008e300000| Untracked 
| 196|0x000000008e400000, 0x000000008e400000, 0x000000008e500000|  0%| F|  |TAMS 0x000000008e400000, 0x000000008e400000| Untracked 
| 197|0x000000008e500000, 0x000000008e500000, 0x000000008e600000|  0%| F|  |TAMS 0x000000008e500000, 0x000000008e500000| Untracked 
| 198|0x000000008e600000, 0x000000008e600000, 0x000000008e700000|  0%| F|  |TAMS 0x000000008e600000, 0x000000008e600000| Untracked 
| 199|0x000000008e700000, 0x000000008e700000, 0x000000008e800000|  0%| F|  |TAMS 0x000000008e700000, 0x000000008e700000| Untracked 
| 200|0x000000008e800000, 0x000000008e800000, 0x000000008e900000|  0%| F|  |TAMS 0x000000008e800000, 0x000000008e800000| Untracked 
| 201|0x000000008e900000, 0x000000008e900000, 0x000000008ea00000|  0%| F|  |TAMS 0x000000008e900000, 0x000000008e900000| Untracked 
| 202|0x000000008ea00000, 0x000000008ea00000, 0x000000008eb00000|  0%| F|  |TAMS 0x000000008ea00000, 0x000000008ea00000| Untracked 
| 203|0x000000008eb00000, 0x000000008eb00000, 0x000000008ec00000|  0%| F|  |TAMS 0x000000008eb00000, 0x000000008eb00000| Untracked 
| 204|0x000000008ec00000, 0x000000008ec00000, 0x000000008ed00000|  0%| F|  |TAMS 0x000000008ec00000, 0x000000008ec00000| Untracked 
| 205|0x000000008ed00000, 0x000000008ed00000, 0x000000008ee00000|  0%| F|  |TAMS 0x000000008ed00000, 0x000000008ed00000| Untracked 
| 206|0x000000008ee00000, 0x000000008ee00000, 0x000000008ef00000|  0%| F|  |TAMS 0x000000008ee00000, 0x000000008ee00000| Untracked 
| 207|0x000000008ef00000, 0x000000008ef00000, 0x000000008f000000|  0%| F|  |TAMS 0x000000008ef00000, 0x000000008ef00000| Untracked 
| 208|0x000000008f000000, 0x000000008f000000, 0x000000008f100000|  0%| F|  |TAMS 0x000000008f000000, 0x000000008f000000| Untracked 
| 209|0x000000008f100000, 0x000000008f100000, 0x000000008f200000|  0%| F|  |TAMS 0x000000008f100000, 0x000000008f100000| Untracked 
| 210|0x000000008f200000, 0x000000008f200000, 0x000000008f300000|  0%| F|  |TAMS 0x000000008f200000, 0x000000008f200000| Untracked 
| 211|0x000000008f300000, 0x000000008f300000, 0x000000008f400000|  0%| F|  |TAMS 0x000000008f300000, 0x000000008f300000| Untracked 

Card table byte_map: [0x00000290e2aa0000,0x00000290e2e90000] _byte_map_base: 0x00000290e2690000

Marking Bits (Prev, Next): (CMBitMap*) 0x00000290cb4b51d0, (CMBitMap*) 0x00000290cb4b5210
 Prev Bits: [0x00000290e3280000, 0x00000290e5200000)
 Next Bits: [0x00000290e5200000, 0x00000290e7180000)

Polling page: 0x00000290c9420000

Metaspace:

Usage:
  Non-class:      5.54 MB capacity,     4.87 MB ( 88%) used,   678.62 KB ( 12%) free+waste,     9.81 KB ( <1%) overhead. 
      Class:    780.00 KB capacity,   671.19 KB ( 86%) used,   103.88 KB ( 13%) free+waste,     4.94 KB ( <1%) overhead. 
       Both:      6.30 MB capacity,     5.52 MB ( 88%) used,   782.49 KB ( 12%) free+waste,    14.75 KB ( <1%) overhead. 

Virtual space:
  Non-class space:        8.00 MB reserved,       5.75 MB ( 72%) committed 
      Class space:        1.00 GB reserved,     896.00 KB ( <1%) committed 
             Both:        1.01 GB reserved,       6.62 MB ( <1%) committed 

Chunk freelists:
   Non-Class:  22.00 KB
       Class:  20.00 KB
        Both:  42.00 KB

MaxMetaspaceSize: 17179869184.00 GB
CompressedClassSpaceSize: 1.00 GB

CodeHeap 'non-profiled nmethods': size=120000Kb used=506Kb max_used=506Kb free=119493Kb
 bounds [0x00000290db180000, 0x00000290db3f0000, 0x00000290e26b0000]
CodeHeap 'profiled nmethods': size=120000Kb used=2036Kb max_used=2036Kb free=117963Kb
 bounds [0x00000290d3c50000, 0x00000290d3ec0000, 0x00000290db180000]
CodeHeap 'non-nmethods': size=5760Kb used=1177Kb max_used=1205Kb free=4582Kb
 bounds [0x00000290d36b0000, 0x00000290d3920000, 0x00000290d3c50000]
 total_blobs=1658 nmethods=1220 adapters=351
 compilation: enabled
              stopped_count=0, restarted_count=0
 full_count=0

Compilation events (20 events):
Event: 1.000 Thread 0x00000290e9672d30 1230       2       java.util.zip.CRC32::updateBytesCheck (55 bytes)
Event: 1.000 Thread 0x00000290e9672d30 nmethod 1230 0x00000290d3e49810 code [0x00000290d3e499e0, 0x00000290d3e49ca8]
Event: 1.000 Thread 0x00000290e9672d30 1227       2       java.util.zip.CRC32::update (51 bytes)
Event: 1.001 Thread 0x00000290e9672d30 nmethod 1227 0x00000290d3e49e90 code [0x00000290d3e4a060, 0x00000290d3e4a308]
Event: 1.001 Thread 0x00000290e9672d30 1228       2       sun.util.calendar.ZoneInfoFile$Checksum::update (39 bytes)
Event: 1.001 Thread 0x00000290e9672d30 nmethod 1228 0x00000290d3e4a490 code [0x00000290d3e4a640, 0x00000290d3e4a828]
Event: 1.001 Thread 0x00000290e9672d30 1231   !   2       java.util.concurrent.ConcurrentHashMap::replaceNode (437 bytes)
Event: 1.002 Thread 0x00000290e9672d30 nmethod 1231 0x00000290d3e4a910 code [0x00000290d3e4abe0, 0x00000290d3e4b838]
Event: 1.003 Thread 0x00000290e9672d30 1232       2       java.lang.ClassLoader::compareCerts (197 bytes)
Event: 1.003 Thread 0x00000290e9672d30 nmethod 1232 0x00000290d3e4c410 code [0x00000290d3e4c5e0, 0x00000290d3e4ca38]
Event: 1.010 Thread 0x00000290e9672d30 1234       2       java.util.concurrent.ConcurrentHashMap::put (8 bytes)
Event: 1.010 Thread 0x00000290e9672d30 nmethod 1234 0x00000290d3e4cd10 code [0x00000290d3e4cea0, 0x00000290d3e4cfa8]
Event: 1.099 Thread 0x00000290ea6e6670 nmethod 1209 0x00000290db1f7b90 code [0x00000290db1f7f00, 0x00000290db1fae10]
Event: 1.099 Thread 0x00000290ea6e6670 1203       4       java.util.AbstractSequentialList::iterator (5 bytes)
Event: 1.101 Thread 0x00000290ea6e6670 nmethod 1203 0x00000290db1fd910 code [0x00000290db1fdaa0, 0x00000290db1fdc78]
Event: 1.102 Thread 0x00000290ea6e6670 1204       4       java.util.LinkedList::listIterator (15 bytes)
Event: 1.104 Thread 0x00000290ea6e6670 nmethod 1204 0x00000290db1fde10 code [0x00000290db1fdfa0, 0x00000290db1fe1f8]
Event: 1.104 Thread 0x00000290ea6e6670 1205       4       java.util.LinkedList$ListItr::<init> (47 bytes)
Event: 1.107 Thread 0x00000290ea6e6670 nmethod 1205 0x00000290db1fe390 code [0x00000290db1fe520, 0x00000290db1fe818]
Event: 1.107 Thread 0x00000290ea6e6670 1212       4       java.util.LinkedList::toArray (39 bytes)

GC Heap History (20 events):
Event: 0.668 GC heap after
{Heap after GC invocations=10 (full 0):
 garbage-first heap   total 129024K, used 6148K [0x0000000082000000, 0x0000000100000000)
  region size 1024K, 1 young (1024K), 1 survivors (1024K)
 Metaspace       used 4518K, capacity 6340K, committed 6400K, reserved 1056768K
  class space    used 562K, capacity 742K, committed 768K, reserved 1048576K
}
Event: 0.679 GC heap before
{Heap before GC invocations=10 (full 0):
 garbage-first heap   total 129024K, used 81924K [0x0000000082000000, 0x0000000100000000)
  region size 1024K, 75 young (76800K), 1 survivors (1024K)
 Metaspace       used 4518K, capacity 6340K, committed 6400K, reserved 1056768K
  class space    used 562K, capacity 742K, committed 768K, reserved 1048576K
}
Event: 0.679 GC heap after
{Heap after GC invocations=11 (full 0):
 garbage-first heap   total 129024K, used 6148K [0x0000000082000000, 0x0000000100000000)
  region size 1024K, 1 young (1024K), 1 survivors (1024K)
 Metaspace       used 4518K, capacity 6340K, committed 6400K, reserved 1056768K
  class space    used 562K, capacity 742K, committed 768K, reserved 1048576K
}
Event: 0.690 GC heap before
{Heap before GC invocations=11 (full 0):
 garbage-first heap   total 129024K, used 81924K [0x0000000082000000, 0x0000000100000000)
  region size 1024K, 75 young (76800K), 1 survivors (1024K)
 Metaspace       used 4518K, capacity 6340K, committed 6400K, reserved 1056768K
  class space    used 562K, capacity 742K, committed 768K, reserved 1048576K
}
Event: 0.690 GC heap after
{Heap after GC invocations=12 (full 0):
 garbage-first heap   total 169984K, used 6148K [0x0000000082000000, 0x0000000100000000)
  region size 1024K, 1 young (1024K), 1 survivors (1024K)
 Metaspace       used 4518K, capacity 6340K, committed 6400K, reserved 1056768K
  class space    used 562K, capacity 742K, committed 768K, reserved 1048576K
}
Event: 0.722 GC heap before
{Heap before GC invocations=12 (full 0):
 garbage-first heap   total 169984K, used 106500K [0x0000000082000000, 0x0000000100000000)
  region size 1024K, 99 young (101376K), 1 survivors (1024K)
 Metaspace       used 4518K, capacity 6340K, committed 6400K, reserved 1056768K
  class space    used 562K, capacity 742K, committed 768K, reserved 1048576K
}
Event: 0.722 GC heap after
{Heap after GC invocations=13 (full 0):
 garbage-first heap   total 169984K, used 6148K [0x0000000082000000, 0x0000000100000000)
  region size 1024K, 1 young (1024K), 1 survivors (1024K)
 Metaspace       used 4518K, capacity 6340K, committed 6400K, reserved 1056768K
  class space    used 562K, capacity 742K, committed 768K, reserved 1048576K
}
Event: 0.737 GC heap before
{Heap before GC invocations=13 (full 0):
 garbage-first heap   total 169984K, used 106500K [0x0000000082000000, 0x0000000100000000)
  region size 1024K, 99 young (101376K), 1 survivors (1024K)
 Metaspace       used 4518K, capacity 6340K, committed 6400K, reserved 1056768K
  class space    used 562K, capacity 742K, committed 768K, reserved 1048576K
}
Event: 0.737 GC heap after
{Heap after GC invocations=14 (full 0):
 garbage-first heap   total 169984K, used 6148K [0x0000000082000000, 0x0000000100000000)
  region size 1024K, 1 young (1024K), 1 survivors (1024K)
 Metaspace       used 4518K, capacity 6340K, committed 6400K, reserved 1056768K
  class space    used 562K, capacity 742K, committed 768K, reserved 1048576K
}
Event: 0.889 GC heap before
{Heap before GC invocations=14 (full 0):
 garbage-first heap   total 169984K, used 110596K [0x0000000082000000, 0x0000000100000000)
  region size 1024K, 99 young (101376K), 1 survivors (1024K)
 Metaspace       used 5462K, capacity 6454K, committed 6784K, reserved 1056768K
  class space    used 657K, capacity 780K, committed 896K, reserved 1048576K
}
Event: 0.890 GC heap after
{Heap after GC invocations=15 (full 0):
 garbage-first heap   total 169984K, used 10351K [0x0000000082000000, 0x0000000100000000)
  region size 1024K, 1 young (1024K), 1 survivors (1024K)
 Metaspace       used 5462K, capacity 6454K, committed 6784K, reserved 1056768K
  class space    used 657K, capacity 780K, committed 896K, reserved 1048576K
}
Event: 0.932 GC heap before
{Heap before GC invocations=15 (full 0):
 garbage-first heap   total 169984K, used 110703K [0x0000000082000000, 0x0000000100000000)
  region size 1024K, 99 young (101376K), 1 survivors (1024K)
 Metaspace       used 5463K, capacity 6454K, committed 6784K, reserved 1056768K
  class space    used 657K, capacity 780K, committed 896K, reserved 1048576K
}
Event: 0.933 GC heap after
{Heap after GC invocations=16 (full 0):
 garbage-first heap   total 217088K, used 10350K [0x0000000082000000, 0x0000000100000000)
  region size 1024K, 1 young (1024K), 1 survivors (1024K)
 Metaspace       used 5463K, capacity 6454K, committed 6784K, reserved 1056768K
  class space    used 657K, capacity 780K, committed 896K, reserved 1048576K
}
Event: 1.016 GC heap before
{Heap before GC invocations=16 (full 0):
 garbage-first heap   total 217088K, used 139374K [0x0000000082000000, 0x0000000100000000)
  region size 1024K, 127 young (130048K), 1 survivors (1024K)
 Metaspace       used 5656K, capacity 6454K, committed 6784K, reserved 1056768K
  class space    used 671K, capacity 780K, committed 896K, reserved 1048576K
}
Event: 1.017 GC heap after
{Heap after GC invocations=17 (full 0):
 garbage-first heap   total 217088K, used 10760K [0x0000000082000000, 0x0000000100000000)
  region size 1024K, 1 young (1024K), 1 survivors (1024K)
 Metaspace       used 5656K, capacity 6454K, committed 6784K, reserved 1056768K
  class space    used 671K, capacity 780K, committed 896K, reserved 1048576K
}
Event: 1.045 GC heap before
{Heap before GC invocations=17 (full 0):
 garbage-first heap   total 217088K, used 139784K [0x0000000082000000, 0x0000000100000000)
  region size 1024K, 127 young (130048K), 1 survivors (1024K)
 Metaspace       used 5656K, capacity 6454K, committed 6784K, reserved 1056768K
  class space    used 671K, capacity 780K, committed 896K, reserved 1048576K
}
Event: 1.046 GC heap after
{Heap after GC invocations=18 (full 0):
 garbage-first heap   total 217088K, used 10789K [0x0000000082000000, 0x0000000100000000)
  region size 1024K, 1 young (1024K), 1 survivors (1024K)
 Metaspace       used 5656K, capacity 6454K, committed 6784K, reserved 1056768K
  class space    used 671K, capacity 780K, committed 896K, reserved 1048576K
}
Event: 1.083 GC heap before
{Heap before GC invocations=18 (full 0):
 garbage-first heap   total 217088K, used 139813K [0x0000000082000000, 0x0000000100000000)
  region size 1024K, 127 young (130048K), 1 survivors (1024K)
 Metaspace       used 5656K, capacity 6454K, committed 6784K, reserved 1056768K
  class space    used 671K, capacity 780K, committed 896K, reserved 1048576K
}
Event: 1.083 GC heap after
{Heap after GC invocations=19 (full 0):
 garbage-first heap   total 217088K, used 10790K [0x0000000082000000, 0x0000000100000000)
  region size 1024K, 1 young (1024K), 1 survivors (1024K)
 Metaspace       used 5656K, capacity 6454K, committed 6784K, reserved 1056768K
  class space    used 671K, capacity 780K, committed 896K, reserved 1048576K
}
Event: 1.110 GC heap before
{Heap before GC invocations=19 (full 0):
 garbage-first heap   total 217088K, used 139814K [0x0000000082000000, 0x0000000100000000)
  region size 1024K, 127 young (130048K), 1 survivors (1024K)
 Metaspace       used 5656K, capacity 6454K, committed 6784K, reserved 1056768K
  class space    used 671K, capacity 780K, committed 896K, reserved 1048576K
}

Deoptimization events (20 events):
Event: 0.854 Thread 0x00000290cb474930 DEOPT PACKING pc=0x00000290db1d0104 sp=0x00000095305fd170
Event: 0.854 Thread 0x00000290cb474930 DEOPT UNPACKING pc=0x00000290d36fe42f sp=0x00000095305fcfd0 mode 2
Event: 0.854 Thread 0x00000290cb474930 Uncommon trap: trap_request=0xffffff45 fr.pc=0x00000290db1d0534 relative=0x0000000000000114
Event: 0.854 Thread 0x00000290cb474930 Uncommon trap: reason=unstable_if action=reinterpret pc=0x00000290db1d0534 method=java.util.LinkedList$ListItr.<init>(Ljava/util/LinkedList;I)V @ 26 c2
Event: 0.854 Thread 0x00000290cb474930 DEOPT PACKING pc=0x00000290db1d0534 sp=0x00000095305fd0c0
Event: 0.854 Thread 0x00000290cb474930 DEOPT UNPACKING pc=0x00000290d36fe42f sp=0x00000095305fcfe8 mode 2
Event: 0.854 Thread 0x00000290cb474930 Uncommon trap: trap_request=0xffffff45 fr.pc=0x00000290db1d0d2c relative=0x00000000000001ac
Event: 0.854 Thread 0x00000290cb474930 Uncommon trap: reason=unstable_if action=reinterpret pc=0x00000290db1d0d2c method=java.util.LinkedList$ListItr.<init>(Ljava/util/LinkedList;I)V @ 26 c2
Event: 0.854 Thread 0x00000290cb474930 DEOPT PACKING pc=0x00000290db1d0d2c sp=0x00000095305fd010
Event: 0.854 Thread 0x00000290cb474930 DEOPT UNPACKING pc=0x00000290d36fe42f sp=0x00000095305fcfd0 mode 2
Event: 1.004 Thread 0x00000290e9657b60 Uncommon trap: trap_request=0xffffff45 fr.pc=0x00000290db1afd64 relative=0x00000000000003c4
Event: 1.004 Thread 0x00000290e9657b60 Uncommon trap: reason=unstable_if action=reinterpret pc=0x00000290db1afd64 method=java.lang.StringLatin1.indexOf([BI[BII)I @ 91 c2
Event: 1.004 Thread 0x00000290e9657b60 DEOPT PACKING pc=0x00000290db1afd64 sp=0x0000009530ffe160
Event: 1.004 Thread 0x00000290e9657b60 DEOPT UNPACKING pc=0x00000290d36fe42f sp=0x0000009530ffe0c0 mode 2
Event: 1.005 Thread 0x00000290e9657b60 Uncommon trap: trap_request=0xffffff45 fr.pc=0x00000290db1af5e4 relative=0x0000000000000244
Event: 1.005 Thread 0x00000290e9657b60 Uncommon trap: reason=unstable_if action=reinterpret pc=0x00000290db1af5e4 method=java.lang.String.startsWith(Ljava/lang/String;I)Z @ 14 c2
Event: 1.005 Thread 0x00000290e9657b60 DEOPT PACKING pc=0x00000290db1af5e4 sp=0x0000009530ffe5f0
Event: 1.005 Thread 0x00000290e9657b60 DEOPT UNPACKING pc=0x00000290d36fe42f sp=0x0000009530ffe550 mode 2
Event: 1.008 Thread 0x00000290e9657b60 DEOPT PACKING pc=0x00000290d3ce293b sp=0x0000009530ffeb80
Event: 1.008 Thread 0x00000290e9657b60 DEOPT UNPACKING pc=0x00000290d36fe23f sp=0x0000009530ffdff8 mode 0

Classes unloaded (0 events):
No events

Classes redefined (0 events):
No events

Internal exceptions (20 events):
Event: 0.301 Thread 0x00000290cb474930 Exception <a 'java/lang/NoSuchMethodError'{0x0000000089749a48}: 'void java.lang.invoke.DirectMethodHandle$Holder.invokeSpecial(java.lang.Object, java.lang.Object, java.lang.Object, java.lang.Object, java.lang.Object)'> (0x0000000089749a48) 
thrown [./open/src/hotspot/share/interpreter/linkResolver.cpp, line 782]
Event: 0.302 Thread 0x00000290cb474930 Exception <a 'java/lang/NoSuchMethodError'{0x000000008975a1c0}: 'java.lang.Object java.lang.invoke.DirectMethodHandle$Holder.invokeInterface(java.lang.Object, java.lang.Object)'> (0x000000008975a1c0) 
thrown [./open/src/hotspot/share/interpreter/linkResolver.cpp, line 782]
Event: 0.303 Thread 0x00000290cb474930 Exception <a 'java/lang/IncompatibleClassChangeError'{0x000000008975dbb8}: Found class java.lang.Object, but interface was expected> (0x000000008975dbb8) 
thrown [./open/src/hotspot/share/interpreter/linkResolver.cpp, line 848]
Event: 0.320 Thread 0x00000290cb474930 Exception <a 'java/lang/NoSuchMethodError'{0x000000008960acb8}: 'java.lang.Object java.lang.invoke.DirectMethodHandle$Holder.invokeSpecialIFC(java.lang.Object, java.lang.Object, java.lang.Object, java.lang.Object)'> (0x000000008960acb8) 
thrown [./open/src/hotspot/share/interpreter/linkResolver.cpp, line 782]
Event: 0.349 Thread 0x00000290cb474930 Exception <a 'java/lang/NoSuchMethodError'{0x00000000896ea5a8}: 'int java.lang.invoke.DirectMethodHandle$Holder.invokeVirtual(java.lang.Object, java.lang.Object, java.lang.Object)'> (0x00000000896ea5a8) 
thrown [./open/src/hotspot/share/interpreter/linkResolver.cpp, line 782]
Event: 0.351 Thread 0x00000290cb474930 Exception <a 'java/lang/NoSuchMethodError'{0x00000000896ffbb8}: 'void java.lang.invoke.DirectMethodHandle$Holder.invokeInterface(java.lang.Object, java.lang.Object)'> (0x00000000896ffbb8) 
thrown [./open/src/hotspot/share/interpreter/linkResolver.cpp, line 782]
Event: 0.352 Thread 0x00000290cb474930 Exception <a 'java/lang/IncompatibleClassChangeError'{0x0000000089503808}: Found class java.lang.Object, but interface was expected> (0x0000000089503808) 
thrown [./open/src/hotspot/share/interpreter/linkResolver.cpp, line 848]
Event: 0.353 Thread 0x00000290cb474930 Exception <a 'java/lang/NoSuchMethodError'{0x000000008950f4f0}: 'void java.lang.invoke.DirectMethodHandle$Holder.invokeStatic(java.lang.Object, java.lang.Object, java.lang.Object, java.lang.Object)'> (0x000000008950f4f0) 
thrown [./open/src/hotspot/share/interpreter/linkResolver.cpp, line 782]
Event: 0.361 Thread 0x00000290cb474930 Exception <a 'java/lang/NoSuchMethodError'{0x000000008955abf0}: 'void java.lang.invoke.DirectMethodHandle$Holder.invokeInterface(java.lang.Object, java.lang.Object, java.lang.Object, java.lang.Object)'> (0x000000008955abf0) 
thrown [./open/src/hotspot/share/interpreter/linkResolver.cpp, line 782]
Event: 0.361 Thread 0x00000290cb474930 Exception <a 'java/lang/IncompatibleClassChangeError'{0x000000008955e250}: Found class java.lang.Object, but interface was expected> (0x000000008955e250) 
thrown [./open/src/hotspot/share/interpreter/linkResolver.cpp, line 848]
Event: 0.364 Thread 0x00000290cb474930 Exception <a 'java/lang/NoSuchMethodError'{0x000000008957fd98}: 'java.lang.Object java.lang.invoke.DirectMethodHandle$Holder.invokeVirtual(java.lang.Object, java.lang.Object, java.lang.Object)'> (0x000000008957fd98) 
thrown [./open/src/hotspot/share/interpreter/linkResolver.cpp, line 782]
Event: 0.376 Thread 0x00000290cb474930 Exception <a 'java/lang/NoSuchMethodError'{0x00000000895f0b48}: 'int java.lang.invoke.DirectMethodHandle$Holder.invokeStatic(java.lang.Object, java.lang.Object, java.lang.Object, java.lang.Object)'> (0x00000000895f0b48) 
thrown [./open/src/hotspot/share/interpreter/linkResolver.cpp, line 782]
Event: 0.376 Thread 0x00000290cb474930 Exception <a 'java/lang/NoSuchMethodError'{0x00000000895f43f8}: 'java.lang.Object java.lang.invoke.Invokers$Holder.invokeExact_MT(java.lang.Object, java.lang.Object, java.lang.Object, java.lang.Object, java.lang.Object, java.lang.Object)'> (0x00000000895f43f8) 
thrown [./open/src/hotspot/share/interpreter/linkResolver.cpp, line 782]
Event: 0.387 Thread 0x00000290cb474930 Exception <a 'java/lang/NoSuchMethodError'{0x0000000089474ab8}: 'int java.lang.invoke.DirectMethodHandle$Holder.invokeStatic(java.lang.Object, java.lang.Object, java.lang.Object, java.lang.Object, java.lang.Object)'> (0x0000000089474ab8) 
thrown [./open/src/hotspot/share/interpreter/linkResolver.cpp, line 782]
Event: 0.409 Thread 0x00000290cb474930 Exception <a 'java/lang/NoSuchMethodError'{0x0000000089317e08}: 'int java.lang.invoke.DirectMethodHandle$Holder.invokeStaticInit(java.lang.Object, java.lang.Object, java.lang.Object)'> (0x0000000089317e08) 
thrown [./open/src/hotspot/share/interpreter/linkResolver.cpp, line 782]
Event: 0.419 Thread 0x00000290cb474930 Exception <a 'java/lang/NoSuchMethodError'{0x0000000089359260}: 'void java.lang.invoke.DirectMethodHandle$Holder.invokeInterface(java.lang.Object, java.lang.Object, java.lang.Object)'> (0x0000000089359260) 
thrown [./open/src/hotspot/share/interpreter/linkResolver.cpp, line 782]
Event: 0.433 Thread 0x00000290cb474930 Exception <a 'java/lang/NoSuchMethodError'{0x00000000893b8af8}: 'int java.lang.invoke.DirectMethodHandle$Holder.invokeStaticInit(java.lang.Object, java.lang.Object)'> (0x00000000893b8af8) 
thrown [./open/src/hotspot/share/interpreter/linkResolver.cpp, line 782]
Event: 0.468 Thread 0x00000290cb474930 Exception <a 'java/lang/ClassNotFoundException'{0x000000008925e328}: sun/awt/resources/spi/awtProvider> (0x000000008925e328) 
thrown [./open/src/hotspot/share/classfile/systemDictionary.cpp, line 295]
Event: 0.478 Thread 0x00000290cb474930 Exception <a 'java/io/FileNotFoundException'{0x00000000892a9de0}> (0x00000000892a9de0) 
thrown [./open/src/hotspot/share/prims/jni.cpp, line 578]
Event: 0.482 Thread 0x00000290cb474930 Exception <a 'java/io/FileNotFoundException'{0x00000000892d8c68}> (0x00000000892d8c68) 
thrown [./open/src/hotspot/share/prims/jni.cpp, line 578]

Events (20 events):
Event: 1.004 loading class sun/util/resources/TimeZoneNamesBundle
Event: 1.004 loading class sun/util/resources/OpenListResourceBundle
Event: 1.004 loading class sun/util/resources/OpenListResourceBundle done
Event: 1.004 loading class sun/util/resources/TimeZoneNamesBundle done
Event: 1.004 loading class sun/util/resources/cldr/TimeZoneNames done
Event: 1.004 loading class sun/util/resources/cldr/TimeZoneNames_en
Event: 1.005 loading class sun/util/resources/cldr/TimeZoneNames_en done
Event: 1.005 loading class sun/util/resources/cldr/TimeZoneNames_en_US
Event: 1.005 loading class sun/util/resources/cldr/TimeZoneNames_en_US done
Event: 1.006 loading class sun/util/resources/TimeZoneNames
Event: 1.007 loading class sun/util/resources/TimeZoneNames done
Event: 1.007 loading class sun/util/resources/TimeZoneNames_en
Event: 1.007 loading class sun/util/resources/TimeZoneNames_en done
Event: 1.016 Executing VM operation: G1CollectForAllocation
Event: 1.017 Executing VM operation: G1CollectForAllocation done
Event: 1.045 Executing VM operation: G1CollectForAllocation
Event: 1.046 Executing VM operation: G1CollectForAllocation done
Event: 1.082 Executing VM operation: G1CollectForAllocation
Event: 1.083 Executing VM operation: G1CollectForAllocation done
Event: 1.110 Executing VM operation: G1CollectForAllocation


Dynamic libraries:
0x00007ff738860000 - 0x00007ff73886f000 	C:\Program Files\Java\jdk-15.0.2\bin\java.exe
0x00007ffc42550000 - 0x00007ffc42745000 	C:\Windows\SYSTEM32\ntdll.dll
0x00007ffc40690000 - 0x00007ffc4074d000 	C:\Windows\System32\KERNEL32.DLL
0x00007ffc40150000 - 0x00007ffc40418000 	C:\Windows\System32\KERNELBASE.dll
0x00007ffc3fd40000 - 0x00007ffc3fe40000 	C:\Windows\System32\ucrtbase.dll
0x00007ffc38ee0000 - 0x00007ffc38ef9000 	C:\Program Files\Java\jdk-15.0.2\bin\VCRUNTIME140.dll
0x00007ffc3af20000 - 0x00007ffc3af38000 	C:\Program Files\Java\jdk-15.0.2\bin\jli.dll
0x00007ffc421c0000 - 0x00007ffc4226c000 	C:\Windows\System32\ADVAPI32.dll
0x00007ffc40f50000 - 0x00007ffc40fee000 	C:\Windows\System32\msvcrt.dll
0x00007ffc41020000 - 0x00007ffc410bb000 	C:\Windows\System32\sechost.dll
0x00007ffc41d30000 - 0x00007ffc41e5b000 	C:\Windows\System32\RPCRT4.dll
0x00007ffc41b90000 - 0x00007ffc41d30000 	C:\Windows\System32\USER32.dll
0x00007ffc40420000 - 0x00007ffc40442000 	C:\Windows\System32\win32u.dll
0x00007ffc40ff0000 - 0x00007ffc4101a000 	C:\Windows\System32\GDI32.dll
0x00007ffc3fe40000 - 0x00007ffc3ff4b000 	C:\Windows\System32\gdi32full.dll
0x00007ffc40000000 - 0x00007ffc4009d000 	C:\Windows\System32\msvcp_win.dll
0x00007ffc2deb0000 - 0x00007ffc2e14a000 	C:\Windows\WinSxS\amd64_microsoft.windows.common-controls_6595b64144ccf1df_6.0.19041.844_none_ca00b6081b84eb1d\COMCTL32.dll
0x00007ffc37ef0000 - 0x00007ffc37efa000 	C:\Windows\SYSTEM32\VERSION.dll
0x00007ffc414d0000 - 0x00007ffc41500000 	C:\Windows\System32\IMM32.DLL
0x00007ffc3af80000 - 0x00007ffc3af8c000 	C:\Program Files\Java\jdk-15.0.2\bin\vcruntime140_1.dll
0x00007ffc0e370000 - 0x00007ffc0e401000 	C:\Program Files\Java\jdk-15.0.2\bin\msvcp140.dll
0x00007ffbe24c0000 - 0x00007ffbe301e000 	C:\Program Files\Java\jdk-15.0.2\bin\server\jvm.dll
0x00007ffc42500000 - 0x00007ffc42508000 	C:\Windows\System32\PSAPI.DLL
0x00007ffc3afb0000 - 0x00007ffc3afb9000 	C:\Windows\SYSTEM32\WSOCK32.dll
0x00007ffc41230000 - 0x00007ffc4129b000 	C:\Windows\System32\WS2_32.dll
0x00007ffc20b80000 - 0x00007ffc20ba7000 	C:\Windows\SYSTEM32\WINMM.dll
0x00007ffc3dbd0000 - 0x00007ffc3dbe2000 	C:\Windows\SYSTEM32\kernel.appcore.dll
0x00007ffc3aee0000 - 0x00007ffc3aeea000 	C:\Program Files\Java\jdk-15.0.2\bin\jimage.dll
0x00007ffc258d0000 - 0x00007ffc25ab4000 	C:\Windows\SYSTEM32\DBGHELP.DLL
0x00007ffc258a0000 - 0x00007ffc258cc000 	C:\Windows\SYSTEM32\dbgcore.DLL
0x00007ffc3ff80000 - 0x00007ffc40000000 	C:\Windows\System32\bcryptPrimitives.dll
0x00007ffc38ab0000 - 0x00007ffc38abe000 	C:\Program Files\Java\jdk-15.0.2\bin\instrument.dll
0x00007ffc1df80000 - 0x00007ffc1dfa5000 	C:\Program Files\Java\jdk-15.0.2\bin\java.dll
0x00007ffc40800000 - 0x00007ffc40f42000 	C:\Windows\System32\SHELL32.dll
0x00007ffc3ddd0000 - 0x00007ffc3e561000 	C:\Windows\SYSTEM32\windows.storage.dll
0x00007ffc41e60000 - 0x00007ffc421b5000 	C:\Windows\System32\combase.dll
0x00007ffc3f700000 - 0x00007ffc3f72c000 	C:\Windows\SYSTEM32\Wldp.dll
0x00007ffc41420000 - 0x00007ffc414ce000 	C:\Windows\System32\SHCORE.dll
0x00007ffc422f0000 - 0x00007ffc42345000 	C:\Windows\System32\shlwapi.dll
0x00007ffc3fbd0000 - 0x00007ffc3fbef000 	C:\Windows\SYSTEM32\profapi.dll
0x00007ffc27460000 - 0x00007ffc27478000 	C:\Program Files\Java\jdk-15.0.2\bin\zip.dll
0x00007ffc1e360000 - 0x00007ffc1e379000 	C:\Program Files\Java\jdk-15.0.2\bin\net.dll
0x00007ffc2d380000 - 0x00007ffc2d48b000 	C:\Windows\SYSTEM32\WINHTTP.dll
0x00007ffc3f470000 - 0x00007ffc3f4da000 	C:\Windows\system32\mswsock.dll
0x00007ffc1df60000 - 0x00007ffc1df72000 	C:\Program Files\Java\jdk-15.0.2\bin\nio.dll
0x00007ffc19160000 - 0x00007ffc1917a000 	C:\Program Files\JetBrains\IntelliJ IDEA Community Edition 2020.3.2\bin\breakgen64.dll
0x00007ffbe92a0000 - 0x00007ffbe9420000 	C:\Program Files\Java\jdk-15.0.2\bin\awt.dll
0x00007ffc405c0000 - 0x00007ffc4068d000 	C:\Windows\System32\OLEAUT32.dll
0x00007ffc3d540000 - 0x00007ffc3d5d0000 	C:\Windows\SYSTEM32\apphelp.dll

dbghelp: loaded successfully - version: 4.0.5 - missing functions: none
symbol engine: initialized successfully - sym options: 0x614 - pdb path: .;C:\Program Files\Java\jdk-15.0.2\bin;C:\Windows\SYSTEM32;C:\Windows\WinSxS\amd64_microsoft.windows.common-controls_6595b64144ccf1df_6.0.19041.844_none_ca00b6081b84eb1d;C:\Program Files\Java\jdk-15.0.2\bin\server;C:\Program Files\JetBrains\IntelliJ IDEA Community Edition 2020.3.2\bin

VM Arguments:
jvm_args: -ea -Didea.test.cyclic.buffer.size=1048576 -javaagent:C:\Program Files\JetBrains\IntelliJ IDEA Community Edition 2020.3.2\lib\idea_rt.jar=51212:C:\Program Files\JetBrains\IntelliJ IDEA Community Edition 2020.3.2\bin -Dfile.encoding=UTF-8 
java_command: com.intellij.rt.junit.JUnitStarter -ideVersion5 -junit5 renderer.RenderTests
java_class_path (initial): C:\Program Files\JetBrains\IntelliJ IDEA Community Edition 2020.3.2\lib\idea_rt.jar;C:\Users\Menachem\.m2\repository\org\junit\platform\junit-platform-launcher\1.4.2\junit-platform-launcher-1.4.2.jar;C:\Users\Menachem\.m2\repository\org\apiguardian\apiguardian-api\1.0.0\apiguardian-api-1.0.0.jar;C:\Users\Menachem\.m2\repository\org\junit\platform\junit-platform-engine\1.4.2\junit-platform-engine-1.4.2.jar;C:\Users\Menachem\.m2\repository\org\opentest4j\opentest4j\1.1.1\opentest4j-1.1.1.jar;C:\Users\Menachem\.m2\repository\org\junit\platform\junit-platform-commons\1.4.2\junit-platform-commons-1.4.2.jar;C:\Program Files\JetBrains\IntelliJ IDEA Community Edition 2020.3.2\plugins\junit\lib\junit5-rt.jar;C:\Program Files\JetBrains\IntelliJ IDEA Community Edition 2020.3.2\plugins\junit\lib\junit-rt.jar;C:\Users\Menachem\IdeaProjects\MiniProjrctIntroSE5781\out\test\MiniProjrctIntroSE5781;C:\Users\Menachem\IdeaProjects\MiniProjrctIntroSE5781\out\production\MiniProjrctIntroSE5781;C:\Users\Menachem\IdeaProjects\MiniProjrctIntroSE5781\lib\junit-jupiter-5.4.2.jar;C:\Users\Menachem\IdeaProjects\MiniProjrctIntroSE5781\lib\junit-jupiter-api-5.4.2.jar;C:\Users\Menachem\IdeaProjects\MiniProjrctIntroSE5781\lib\apiguardian-api-1.0.0.jar;C:\Users\Menachem\IdeaProjects\MiniProjrctIntroSE5781\lib\opentest4j-1.1.1.jar;C:\Users\Menachem\IdeaProjects\MiniProjrctIntroSE5781\lib\junit-platform-commons-1.4.2.jar;C:\Users\Menachem\IdeaProjects\MiniProjrctIntroSE5781\lib\junit-jupiter-params-5.4.2.jar;C:\Users\Menachem\IdeaProjects\MiniProjrctIntroSE5781\lib\junit-jupiter-engine-5.4.2.jar;C:\Users\Menachem\IdeaProjects\MiniProjrctIntroSE5781\lib\junit-platform-engine-1.4.2.jar
Launcher Type: SUN_STANDARD

[Global flags]
     intx CICompilerCount                          = 3                                         {product} {ergonomic}
     uint ConcGCThreads                            = 1                                         {product} {ergonomic}
     uint G1ConcRefinementThreads                  = 4                                         {product} {ergonomic}
   size_t G1HeapRegionSize                         = 1048576                                   {product} {ergonomic}
    uintx GCDrainStackTargetSize                   = 64                                        {product} {ergonomic}
   size_t InitialHeapSize                          = 132120576                                 {product} {ergonomic}
   size_t MarkStackSize                            = 4194304                                   {product} {ergonomic}
   size_t MaxHeapSize                              = 2113929216                                {product} {ergonomic}
   size_t MaxNewSize                               = 1267728384                                {product} {ergonomic}
   size_t MinHeapDeltaBytes                        = 1048576                                   {product} {ergonomic}
   size_t MinHeapSize                              = 8388608                                   {product} {ergonomic}
    uintx NonNMethodCodeHeapSize                   = 5832780                                {pd product} {ergonomic}
    uintx NonProfiledCodeHeapSize                  = 122912730                              {pd product} {ergonomic}
    uintx ProfiledCodeHeapSize                     = 122912730                              {pd product} {ergonomic}
    uintx ReservedCodeCacheSize                    = 251658240                              {pd product} {ergonomic}
     bool SegmentedCodeCache                       = true                                      {product} {ergonomic}
   size_t SoftMaxHeapSize                          = 2113929216                             {manageable} {ergonomic}
     bool UseCompressedClassPointers               = true                                 {lp64_product} {ergonomic}
     bool UseCompressedOops                        = true                                 {lp64_product} {ergonomic}
     bool UseG1GC                                  = true                                      {product} {ergonomic}
     bool UseLargePagesIndividualAllocation        = false                                  {pd product} {ergonomic}

Logging:
Log output configuration:
 #0: stdout all=warning uptime,level,tags
 #1: stderr all=off uptime,level,tags

Environment Variables:
JAVA_HOME=C:\Program Files\Java\jdk-15.0.2
PATH=C:\Program Files\Python38\Scripts\;C:\Program Files\Python38\;C:\Program Files\Common Files\Oracle\Java\javapath;C:\Program Files (x86)\Intel\iCLS Client\;C:\Program Files\Intel\iCLS Client\;C:\Windows\system32;C:\Windows;C:\Windows\System32\Wbem;C:\Windows\System32\WindowsPowerShell\v1.0\;C:\Windows\System32\OpenSSH\;C:\Program Files\dotnet\;C:\Program Files\Microsoft SQL Server\130\Tools\Binn\;C:\Program Files\Microsoft SQL Server\Client SDK\ODBC\170\Tools\Binn\;C:\assembly\fasm\;C:\Program Files\Java\jdk-15.0.2\bin;C:\Program Files\Git\cmd;C:\Users\Menachem\AppData\Local\Microsoft\WindowsApps;C:\Users\Menachem\.dotnet\tools;C:\Program Files\JetBrains\PyCharm Edu 2020.3.3\bin;
USERNAME=Menachem
OS=Windows_NT
PROCESSOR_IDENTIFIER=Intel64 Family 6 Model 142 Stepping 9, GenuineIntel



---------------  S Y S T E M  ---------------

OS:
 Windows 10 , 64 bit Build 19041 (10.0.19041.928)
OS uptime: 0 days 9:52 hours

CPU: total 4 (initial active 4) (2 cores per cpu, 2 threads per core) family 6 model 142 stepping 9 microcode 0xde, cmov, cx8, fxsr, mmx, sse, sse2, sse3, ssse3, sse4.1, sse4.2, popcnt, vzeroupper, avx, avx2, aes, clmul, erms, rtm, 3dnowpref, lzcnt, ht, tsc, tscinvbit, bmi1, bmi2, adx, fma, clflush, clflushopt

Memory: 4k page, system-wide physical 8057M (1471M free)
TotalPageFile size 10821M (AvailPageFile size 42M)
current process WorkingSet (physical memory assigned to process): 229M, peak: 234M
current process commit charge ("private bytes"): 313M, peak: 358M

vm_info: Java HotSpot(TM) 64-Bit Server VM (15.0.2+7-27) for windows-amd64 JRE (15.0.2+7-27), built on Dec  7 2020 20:07:01 by "mach5one" with unknown MS VC++:1925

END.
